{
  "stats": {
    "suites": 1,
    "tests": 2,
    "passes": 2,
    "pending": 0,
    "failures": 0,
    "start": "2023-12-20T15:44:38.565Z",
    "end": "2023-12-20T15:44:43.628Z",
    "duration": 5063,
    "testsRegistered": 2,
    "passPercent": 100,
    "pendingPercent": 0,
    "other": 0,
    "hasOther": false,
    "skipped": 0,
    "hasSkipped": false
  },
  "results": [
    {
      "uuid": "ed3c1d14-d5c3-481c-a074-75955999883b",
      "title": "",
      "fullFile": "cypress/e2e/specs/03_loginSpec.cy.js",
      "file": "cypress/e2e/specs/03_loginSpec.cy.js",
      "beforeHooks": [],
      "afterHooks": [],
      "tests": [],
      "suites": [
        {
          "uuid": "a3051e66-3ca8-44a6-a785-7607c36955c6",
          "title": "05.Verify user and password correct",
          "fullFile": "",
          "file": "",
          "beforeHooks": [],
          "afterHooks": [],
          "tests": [
            {
              "title": "enter to web and login",
              "fullTitle": "05.Verify user and password correct enter to web and login",
              "timedOut": null,
              "duration": 2861,
              "state": "passed",
              "speed": "fast",
              "pass": true,
              "fail": false,
              "pending": false,
              "context": null,
              "code": "cy.clearAllCookies();\nloginStepDefinition.goLoginPage();\nloginStepDefinition.login();",
              "err": {},
              "uuid": "f822972e-c0eb-4b0f-8872-c296705bb6fe",
              "parentUUID": "a3051e66-3ca8-44a6-a785-7607c36955c6",
              "isHook": false,
              "skipped": false
            },
            {
              "title": "verify if user is logged",
              "fullTitle": "05.Verify user and password correct verify if user is logged",
              "timedOut": null,
              "duration": 2038,
              "state": "passed",
              "speed": "fast",
              "pass": true,
              "fail": false,
              "pending": false,
              "context": null,
              "code": "loginStepDefinition.verifyLogin();",
              "err": {},
              "uuid": "ae2d7e53-c25d-4562-b91d-f7d1020c0d26",
              "parentUUID": "a3051e66-3ca8-44a6-a785-7607c36955c6",
              "isHook": false,
              "skipped": false
            }
          ],
          "suites": [],
          "passes": [
            "f822972e-c0eb-4b0f-8872-c296705bb6fe",
            "ae2d7e53-c25d-4562-b91d-f7d1020c0d26"
          ],
          "failures": [],
          "pending": [],
          "skipped": [],
          "duration": 4899,
          "root": false,
          "rootEmpty": false,
          "_timeout": 2000
        }
      ],
      "passes": [],
      "failures": [],
      "pending": [],
      "skipped": [],
      "duration": 0,
      "root": true,
      "rootEmpty": true,
      "_timeout": 2000
    }
  ],
  "meta": {
    "mocha": {
      "version": "7.0.1"
    },
    "mochawesome": {
      "options": {
        "quiet": false,
        "reportFilename": "mochawesome",
        "saveHtml": false,
        "saveJson": true,
        "consoleReporter": "spec",
        "useInlineDiffs": false,
        "code": true
      },
      "version": "7.1.3"
    },
    "marge": {
      "options": {
        "charts": true,
        "reportPageTitle": "custom-title",
        "embeddedScreenshots": true,
        "overwrite": false,
        "html": false,
        "json": true,
        "inlineAssets": true,
        "saveAllAttempts": false
      },
      "version": "6.2.0"
    }
  }
}